{"/Users/jadevance/C5/projects/VideoStoreAPI/spec/controllers/index.spec.js":{"path":"/Users/jadevance/C5/projects/VideoStoreAPI/spec/controllers/index.spec.js","s":{"1":1,"2":1,"3":1,"4":1,"5":1,"6":1,"7":0,"8":1,"9":1,"10":0,"11":0,"12":0,"13":0,"14":1,"15":0,"16":0,"17":0,"18":0},"b":{},"f":{"1":1,"2":1,"3":1,"4":1,"5":0,"6":0,"7":0,"8":0},"fnMap":{"1":{"name":"(anonymous_1)","line":4,"loc":{"start":{"line":4,"column":26},"end":{"line":4,"column":38}}},"2":{"name":"(anonymous_2)","line":5,"loc":{"start":{"line":5,"column":40},"end":{"line":5,"column":56}}},"3":{"name":"(anonymous_3)","line":6,"loc":{"start":{"line":6,"column":26},"end":{"line":6,"column":58}}},"4":{"name":"(anonymous_4)","line":12,"loc":{"start":{"line":12,"column":37},"end":{"line":12,"column":48}}},"5":{"name":"(anonymous_5)","line":13,"loc":{"start":{"line":13,"column":29},"end":{"line":13,"column":44}}},"6":{"name":"(anonymous_6)","line":14,"loc":{"start":{"line":14,"column":28},"end":{"line":14,"column":60}}},"7":{"name":"(anonymous_7)","line":21,"loc":{"start":{"line":21,"column":44},"end":{"line":21,"column":59}}},"8":{"name":"(anonymous_8)","line":22,"loc":{"start":{"line":22,"column":28},"end":{"line":22,"column":60}}}},"statementMap":{"1":{"start":{"line":1,"column":0},"end":{"line":1,"column":32}},"2":{"start":{"line":2,"column":0},"end":{"line":2,"column":39}},"3":{"start":{"line":4,"column":0},"end":{"line":29,"column":2}},"4":{"start":{"line":5,"column":2},"end":{"line":10,"column":4}},"5":{"start":{"line":6,"column":4},"end":{"line":9,"column":6}},"6":{"start":{"line":7,"column":6},"end":{"line":7,"column":46}},"7":{"start":{"line":8,"column":6},"end":{"line":8,"column":12}},"8":{"start":{"line":12,"column":2},"end":{"line":28,"column":4}},"9":{"start":{"line":13,"column":4},"end":{"line":19,"column":6}},"10":{"start":{"line":14,"column":6},"end":{"line":18,"column":8}},"11":{"start":{"line":15,"column":8},"end":{"line":15,"column":35}},"12":{"start":{"line":16,"column":8},"end":{"line":16,"column":54}},"13":{"start":{"line":17,"column":8},"end":{"line":17,"column":14}},"14":{"start":{"line":21,"column":4},"end":{"line":27,"column":6}},"15":{"start":{"line":22,"column":6},"end":{"line":26,"column":8}},"16":{"start":{"line":23,"column":8},"end":{"line":23,"column":35}},"17":{"start":{"line":24,"column":8},"end":{"line":24,"column":50}},"18":{"start":{"line":25,"column":8},"end":{"line":25,"column":14}}},"branchMap":{}},"/Users/jadevance/C5/projects/VideoStoreAPI/spec/controllers/movies.spec.js":{"path":"/Users/jadevance/C5/projects/VideoStoreAPI/spec/controllers/movies.spec.js","s":{"1":1,"2":1},"b":{},"f":{"1":1},"fnMap":{"1":{"name":"(anonymous_1)","line":3,"loc":{"start":{"line":3,"column":36},"end":{"line":3,"column":47}}}},"statementMap":{"1":{"start":{"line":1,"column":0},"end":{"line":1,"column":33}},"2":{"start":{"line":3,"column":0},"end":{"line":5,"column":2}}},"branchMap":{}},"/Users/jadevance/C5/projects/VideoStoreAPI/app.js":{"path":"/Users/jadevance/C5/projects/VideoStoreAPI/app.js","s":{"1":0,"2":0,"3":0,"4":0,"5":0,"6":0,"7":0,"8":0,"9":0,"10":0,"11":0,"12":0,"13":0,"14":0,"15":0,"16":0,"17":0,"18":0,"19":0,"20":0,"21":0,"22":0,"23":0,"24":0,"25":0,"26":0,"27":0,"28":0,"29":0,"30":0,"31":0,"32":0,"33":0,"34":0,"35":0,"36":0},"b":{"1":[0,0],"2":[0,0],"3":[0,0]},"f":{"1":0,"2":0,"3":0},"fnMap":{"1":{"name":"(anonymous_1)","line":49,"loc":{"start":{"line":49,"column":8},"end":{"line":49,"column":33}}},"2":{"name":"(anonymous_2)","line":58,"loc":{"start":{"line":58,"column":10},"end":{"line":58,"column":40}}},"3":{"name":"(anonymous_3)","line":69,"loc":{"start":{"line":69,"column":8},"end":{"line":69,"column":38}}}},"statementMap":{"1":{"start":{"line":1,"column":0},"end":{"line":1,"column":33}},"2":{"start":{"line":2,"column":0},"end":{"line":2,"column":27}},"3":{"start":{"line":3,"column":0},"end":{"line":3,"column":39}},"4":{"start":{"line":4,"column":0},"end":{"line":4,"column":31}},"5":{"start":{"line":5,"column":0},"end":{"line":5,"column":44}},"6":{"start":{"line":6,"column":0},"end":{"line":6,"column":40}},"7":{"start":{"line":7,"column":0},"end":{"line":7,"column":33}},"8":{"start":{"line":10,"column":0},"end":{"line":10,"column":37}},"9":{"start":{"line":13,"column":0},"end":{"line":13,"column":68}},"10":{"start":{"line":14,"column":0},"end":{"line":14,"column":67}},"11":{"start":{"line":15,"column":0},"end":{"line":15,"column":18}},"12":{"start":{"line":18,"column":0},"end":{"line":18,"column":48}},"13":{"start":{"line":19,"column":0},"end":{"line":19,"column":31}},"14":{"start":{"line":25,"column":0},"end":{"line":25,"column":23}},"15":{"start":{"line":26,"column":0},"end":{"line":26,"column":27}},"16":{"start":{"line":27,"column":0},"end":{"line":27,"column":52}},"17":{"start":{"line":28,"column":0},"end":{"line":28,"column":24}},"18":{"start":{"line":29,"column":0},"end":{"line":29,"column":56}},"19":{"start":{"line":36,"column":0},"end":{"line":36,"column":46}},"20":{"start":{"line":37,"column":0},"end":{"line":37,"column":43}},"21":{"start":{"line":38,"column":0},"end":{"line":38,"column":44}},"22":{"start":{"line":40,"column":0},"end":{"line":40,"column":33}},"23":{"start":{"line":41,"column":0},"end":{"line":41,"column":27}},"24":{"start":{"line":42,"column":0},"end":{"line":42,"column":22}},"25":{"start":{"line":49,"column":0},"end":{"line":53,"column":3}},"26":{"start":{"line":50,"column":2},"end":{"line":50,"column":35}},"27":{"start":{"line":51,"column":2},"end":{"line":51,"column":19}},"28":{"start":{"line":52,"column":2},"end":{"line":52,"column":12}},"29":{"start":{"line":57,"column":0},"end":{"line":65,"column":1}},"30":{"start":{"line":58,"column":2},"end":{"line":64,"column":5}},"31":{"start":{"line":59,"column":4},"end":{"line":59,"column":34}},"32":{"start":{"line":60,"column":4},"end":{"line":63,"column":7}},"33":{"start":{"line":69,"column":0},"end":{"line":75,"column":3}},"34":{"start":{"line":70,"column":2},"end":{"line":70,"column":32}},"35":{"start":{"line":71,"column":2},"end":{"line":74,"column":5}},"36":{"start":{"line":78,"column":0},"end":{"line":78,"column":21}}},"branchMap":{"1":{"line":57,"type":"if","locations":[{"start":{"line":57,"column":0},"end":{"line":57,"column":0}},{"start":{"line":57,"column":0},"end":{"line":57,"column":0}}]},"2":{"line":59,"type":"binary-expr","locations":[{"start":{"line":59,"column":15},"end":{"line":59,"column":25}},{"start":{"line":59,"column":29},"end":{"line":59,"column":32}}]},"3":{"line":70,"type":"binary-expr","locations":[{"start":{"line":70,"column":13},"end":{"line":70,"column":23}},{"start":{"line":70,"column":27},"end":{"line":70,"column":30}}]}}},"/Users/jadevance/C5/projects/VideoStoreAPI/controllers/customers.js":{"path":"/Users/jadevance/C5/projects/VideoStoreAPI/controllers/customers.js","s":{"1":0,"2":0,"3":0,"4":0,"5":0,"6":0,"7":0,"8":0,"9":0,"10":0,"11":0,"12":0,"13":0,"14":0,"15":0,"16":0,"17":0,"18":0},"b":{"1":[0,0],"2":[0,0]},"f":{"1":0,"2":0,"3":0,"4":0,"5":0,"6":0,"7":0,"8":0},"fnMap":{"1":{"name":"(anonymous_1)","line":12,"loc":{"start":{"line":12,"column":12},"end":{"line":12,"column":47}}},"2":{"name":"(anonymous_2)","line":16,"loc":{"start":{"line":16,"column":16},"end":{"line":16,"column":51}}},"3":{"name":"(anonymous_3)","line":17,"loc":{"start":{"line":17,"column":18},"end":{"line":17,"column":45}}},"4":{"name":"(anonymous_4)","line":29,"loc":{"start":{"line":29,"column":22},"end":{"line":29,"column":50}}},"5":{"name":"(anonymous_5)","line":30,"loc":{"start":{"line":30,"column":76},"end":{"line":30,"column":103}}},"6":{"name":"(anonymous_6)","line":41,"loc":{"start":{"line":41,"column":15},"end":{"line":41,"column":44}}},"7":{"name":"(anonymous_7)","line":45,"loc":{"start":{"line":45,"column":12},"end":{"line":45,"column":41}}},"8":{"name":"(anonymous_8)","line":49,"loc":{"start":{"line":49,"column":13},"end":{"line":49,"column":42}}}},"statementMap":{"1":{"start":{"line":1,"column":0},"end":{"line":1,"column":47}},"2":{"start":{"line":3,"column":0},"end":{"line":52,"column":1}},"3":{"start":{"line":13,"column":4},"end":{"line":13,"column":29}},"4":{"start":{"line":17,"column":4},"end":{"line":25,"column":7}},"5":{"start":{"line":18,"column":6},"end":{"line":24,"column":7}},"6":{"start":{"line":19,"column":8},"end":{"line":19,"column":82}},"7":{"start":{"line":20,"column":8},"end":{"line":20,"column":25}},"8":{"start":{"line":21,"column":8},"end":{"line":21,"column":18}},"9":{"start":{"line":23,"column":8},"end":{"line":23,"column":32}},"10":{"start":{"line":30,"column":4},"end":{"line":38,"column":6}},"11":{"start":{"line":31,"column":6},"end":{"line":36,"column":7}},"12":{"start":{"line":32,"column":10},"end":{"line":32,"column":46}},"13":{"start":{"line":33,"column":10},"end":{"line":33,"column":27}},"14":{"start":{"line":35,"column":10},"end":{"line":35,"column":34}},"15":{"start":{"line":42,"column":4},"end":{"line":42,"column":36}},"16":{"start":{"line":46,"column":4},"end":{"line":46,"column":29}},"17":{"start":{"line":50,"column":4},"end":{"line":50,"column":30}},"18":{"start":{"line":54,"column":0},"end":{"line":54,"column":37}}},"branchMap":{"1":{"line":18,"type":"if","locations":[{"start":{"line":18,"column":6},"end":{"line":18,"column":6}},{"start":{"line":18,"column":6},"end":{"line":18,"column":6}}]},"2":{"line":31,"type":"if","locations":[{"start":{"line":31,"column":6},"end":{"line":31,"column":6}},{"start":{"line":31,"column":6},"end":{"line":31,"column":6}}]}}},"/Users/jadevance/C5/projects/VideoStoreAPI/controllers/rentals.js":{"path":"/Users/jadevance/C5/projects/VideoStoreAPI/controllers/rentals.js","s":{"1":0,"2":0,"3":0,"4":0,"5":0,"6":0,"7":0,"8":0,"9":0},"b":{"1":[0,0]},"f":{"1":0,"2":0},"fnMap":{"1":{"name":"(anonymous_1)","line":5,"loc":{"start":{"line":5,"column":22},"end":{"line":5,"column":57}}},"2":{"name":"(anonymous_2)","line":6,"loc":{"start":{"line":6,"column":45},"end":{"line":6,"column":70}}}},"statementMap":{"1":{"start":{"line":1,"column":0},"end":{"line":1,"column":43}},"2":{"start":{"line":3,"column":0},"end":{"line":16,"column":1}},"3":{"start":{"line":6,"column":4},"end":{"line":14,"column":7}},"4":{"start":{"line":7,"column":6},"end":{"line":13,"column":7}},"5":{"start":{"line":8,"column":8},"end":{"line":8,"column":90}},"6":{"start":{"line":9,"column":8},"end":{"line":9,"column":25}},"7":{"start":{"line":10,"column":8},"end":{"line":10,"column":18}},"8":{"start":{"line":12,"column":8},"end":{"line":12,"column":30}},"9":{"start":{"line":43,"column":0},"end":{"line":43,"column":35}}},"branchMap":{"1":{"line":7,"type":"if","locations":[{"start":{"line":7,"column":6},"end":{"line":7,"column":6}},{"start":{"line":7,"column":6},"end":{"line":7,"column":6}}]}}},"/Users/jadevance/C5/projects/VideoStoreAPI/controllers/videos.js":{"path":"/Users/jadevance/C5/projects/VideoStoreAPI/controllers/videos.js","s":{"1":0,"2":0,"3":0,"4":0,"5":0,"6":0,"7":0,"8":0,"9":0,"10":0,"11":0,"12":0,"13":0,"14":0,"15":0,"16":0,"17":0},"b":{"1":[0,0],"2":[0,0]},"f":{"1":0,"2":0,"3":0,"4":0,"5":0,"6":0,"7":0},"fnMap":{"1":{"name":"(anonymous_1)","line":5,"loc":{"start":{"line":5,"column":13},"end":{"line":5,"column":48}}},"2":{"name":"(anonymous_2)","line":6,"loc":{"start":{"line":6,"column":15},"end":{"line":6,"column":39}}},"3":{"name":"(anonymous_3)","line":18,"loc":{"start":{"line":18,"column":19},"end":{"line":18,"column":47}}},"4":{"name":"(anonymous_4)","line":19,"loc":{"start":{"line":19,"column":73},"end":{"line":19,"column":97}}},"5":{"name":"(anonymous_5)","line":30,"loc":{"start":{"line":30,"column":12},"end":{"line":30,"column":41}}},"6":{"name":"(anonymous_6)","line":34,"loc":{"start":{"line":34,"column":12},"end":{"line":34,"column":41}}},"7":{"name":"(anonymous_7)","line":38,"loc":{"start":{"line":38,"column":13},"end":{"line":38,"column":42}}}},"statementMap":{"1":{"start":{"line":1,"column":0},"end":{"line":1,"column":41}},"2":{"start":{"line":3,"column":0},"end":{"line":41,"column":1}},"3":{"start":{"line":6,"column":4},"end":{"line":14,"column":7}},"4":{"start":{"line":7,"column":6},"end":{"line":13,"column":7}},"5":{"start":{"line":8,"column":8},"end":{"line":8,"column":79}},"6":{"start":{"line":9,"column":8},"end":{"line":9,"column":25}},"7":{"start":{"line":10,"column":8},"end":{"line":10,"column":18}},"8":{"start":{"line":12,"column":8},"end":{"line":12,"column":29}},"9":{"start":{"line":19,"column":4},"end":{"line":27,"column":6}},"10":{"start":{"line":20,"column":6},"end":{"line":25,"column":7}},"11":{"start":{"line":21,"column":10},"end":{"line":21,"column":46}},"12":{"start":{"line":22,"column":10},"end":{"line":22,"column":27}},"13":{"start":{"line":24,"column":10},"end":{"line":24,"column":31}},"14":{"start":{"line":31,"column":4},"end":{"line":31,"column":33}},"15":{"start":{"line":35,"column":4},"end":{"line":35,"column":29}},"16":{"start":{"line":39,"column":4},"end":{"line":39,"column":30}},"17":{"start":{"line":43,"column":0},"end":{"line":43,"column":34}}},"branchMap":{"1":{"line":7,"type":"if","locations":[{"start":{"line":7,"column":6},"end":{"line":7,"column":6}},{"start":{"line":7,"column":6},"end":{"line":7,"column":6}}]},"2":{"line":20,"type":"if","locations":[{"start":{"line":20,"column":6},"end":{"line":20,"column":6}},{"start":{"line":20,"column":6},"end":{"line":20,"column":6}}]}}},"/Users/jadevance/C5/projects/VideoStoreAPI/models/customers.js":{"path":"/Users/jadevance/C5/projects/VideoStoreAPI/models/customers.js","s":{"1":0,"2":0,"3":0,"4":0,"5":0,"6":0,"7":0,"8":0,"9":0,"10":0,"11":0,"12":0,"13":0,"14":0,"15":0,"16":0,"17":0},"b":{"1":[0,0],"2":[0,0],"3":[0,0],"4":[0,0],"5":[0,0],"6":[0,0]},"f":{"1":0,"2":0,"3":0,"4":0,"5":0,"6":0,"7":0},"fnMap":{"1":{"name":"(anonymous_1)","line":5,"loc":{"start":{"line":5,"column":16},"end":{"line":5,"column":29}}},"2":{"name":"(anonymous_2)","line":9,"loc":{"start":{"line":9,"column":16},"end":{"line":9,"column":35}}},"3":{"name":"(anonymous_3)","line":10,"loc":{"start":{"line":10,"column":20},"end":{"line":10,"column":47}}},"4":{"name":"(anonymous_4)","line":14,"loc":{"start":{"line":14,"column":35},"end":{"line":14,"column":54}}},"5":{"name":"(anonymous_5)","line":22,"loc":{"start":{"line":22,"column":17},"end":{"line":22,"column":50}}},"6":{"name":"(anonymous_6)","line":27,"loc":{"start":{"line":27,"column":5},"end":{"line":27,"column":32}}},"7":{"name":"(anonymous_7)","line":31,"loc":{"start":{"line":31,"column":35},"end":{"line":31,"column":54}}}},"statementMap":{"1":{"start":{"line":1,"column":0},"end":{"line":1,"column":28}},"2":{"start":{"line":2,"column":0},"end":{"line":2,"column":23}},"3":{"start":{"line":5,"column":0},"end":{"line":7,"column":2}},"4":{"start":{"line":6,"column":2},"end":{"line":6,"column":15}},"5":{"start":{"line":9,"column":0},"end":{"line":19,"column":2}},"6":{"start":{"line":10,"column":2},"end":{"line":18,"column":5}},"7":{"start":{"line":11,"column":4},"end":{"line":17,"column":5}},"8":{"start":{"line":12,"column":6},"end":{"line":12,"column":78}},"9":{"start":{"line":14,"column":6},"end":{"line":16,"column":10}},"10":{"start":{"line":15,"column":8},"end":{"line":15,"column":39}},"11":{"start":{"line":22,"column":0},"end":{"line":36,"column":1}},"12":{"start":{"line":23,"column":1},"end":{"line":35,"column":5}},"13":{"start":{"line":28,"column":4},"end":{"line":34,"column":5}},"14":{"start":{"line":29,"column":6},"end":{"line":29,"column":77}},"15":{"start":{"line":31,"column":6},"end":{"line":33,"column":10}},"16":{"start":{"line":32,"column":8},"end":{"line":32,"column":23}},"17":{"start":{"line":39,"column":0},"end":{"line":39,"column":27}}},"branchMap":{"1":{"line":11,"type":"if","locations":[{"start":{"line":11,"column":4},"end":{"line":11,"column":4}},{"start":{"line":11,"column":4},"end":{"line":11,"column":4}}]},"2":{"line":11,"type":"binary-expr","locations":[{"start":{"line":11,"column":7},"end":{"line":11,"column":12}},{"start":{"line":11,"column":16},"end":{"line":11,"column":26}}]},"3":{"line":12,"type":"binary-expr","locations":[{"start":{"line":12,"column":15},"end":{"line":12,"column":20}},{"start":{"line":12,"column":24},"end":{"line":12,"column":65}}]},"4":{"line":28,"type":"if","locations":[{"start":{"line":28,"column":4},"end":{"line":28,"column":4}},{"start":{"line":28,"column":4},"end":{"line":28,"column":4}}]},"5":{"line":28,"type":"binary-expr","locations":[{"start":{"line":28,"column":8},"end":{"line":28,"column":13}},{"start":{"line":28,"column":17},"end":{"line":28,"column":27}}]},"6":{"line":29,"type":"binary-expr","locations":[{"start":{"line":29,"column":15},"end":{"line":29,"column":20}},{"start":{"line":29,"column":24},"end":{"line":29,"column":65}}]}}},"/Users/jadevance/C5/projects/VideoStoreAPI/models/rentals.js":{"path":"/Users/jadevance/C5/projects/VideoStoreAPI/models/rentals.js","s":{"1":0,"2":0,"3":0,"4":0,"5":0,"6":0,"7":0,"8":0,"9":0,"10":0},"b":{"1":[0,0],"2":[0,0],"3":[0,0]},"f":{"1":0,"2":0,"3":0},"fnMap":{"1":{"name":"(anonymous_1)","line":5,"loc":{"start":{"line":5,"column":14},"end":{"line":5,"column":36}}},"2":{"name":"(anonymous_2)","line":9,"loc":{"start":{"line":9,"column":15},"end":{"line":9,"column":47}}},"3":{"name":"(anonymous_3)","line":10,"loc":{"start":{"line":10,"column":52},"end":{"line":10,"column":77}}}},"statementMap":{"1":{"start":{"line":1,"column":0},"end":{"line":1,"column":28}},"2":{"start":{"line":2,"column":0},"end":{"line":2,"column":23}},"3":{"start":{"line":5,"column":0},"end":{"line":7,"column":2}},"4":{"start":{"line":6,"column":2},"end":{"line":6,"column":33}},"5":{"start":{"line":9,"column":0},"end":{"line":17,"column":2}},"6":{"start":{"line":10,"column":2},"end":{"line":17,"column":1}},"7":{"start":{"line":11,"column":4},"end":{"line":15,"column":5}},"8":{"start":{"line":12,"column":6},"end":{"line":12,"column":67}},"9":{"start":{"line":14,"column":6},"end":{"line":14,"column":30}},"10":{"start":{"line":49,"column":0},"end":{"line":49,"column":25}}},"branchMap":{"1":{"line":11,"type":"if","locations":[{"start":{"line":11,"column":4},"end":{"line":11,"column":4}},{"start":{"line":11,"column":4},"end":{"line":11,"column":4}}]},"2":{"line":11,"type":"binary-expr","locations":[{"start":{"line":11,"column":7},"end":{"line":11,"column":12}},{"start":{"line":11,"column":16},"end":{"line":11,"column":24}}]},"3":{"line":12,"type":"binary-expr","locations":[{"start":{"line":12,"column":15},"end":{"line":12,"column":20}},{"start":{"line":12,"column":24},"end":{"line":12,"column":54}}]}}},"/Users/jadevance/C5/projects/VideoStoreAPI/models/videos.js":{"path":"/Users/jadevance/C5/projects/VideoStoreAPI/models/videos.js","s":{"1":0,"2":0,"3":0,"4":0,"5":0,"6":0,"7":0,"8":0,"9":0,"10":0,"11":0,"12":0,"13":0,"14":0,"15":0,"16":0,"17":0},"b":{"1":[0,0],"2":[0,0],"3":[0,0],"4":[0,0],"5":[0,0],"6":[0,0]},"f":{"1":0,"2":0,"3":0,"4":0,"5":0,"6":0,"7":0},"fnMap":{"1":{"name":"(anonymous_1)","line":5,"loc":{"start":{"line":5,"column":13},"end":{"line":5,"column":26}}},"2":{"name":"(anonymous_2)","line":9,"loc":{"start":{"line":9,"column":13},"end":{"line":9,"column":32}}},"3":{"name":"(anonymous_3)","line":10,"loc":{"start":{"line":10,"column":17},"end":{"line":10,"column":41}}},"4":{"name":"(anonymous_4)","line":14,"loc":{"start":{"line":14,"column":32},"end":{"line":14,"column":48}}},"5":{"name":"(anonymous_5)","line":22,"loc":{"start":{"line":22,"column":14},"end":{"line":22,"column":47}}},"6":{"name":"(anonymous_6)","line":27,"loc":{"start":{"line":27,"column":5},"end":{"line":27,"column":29}}},"7":{"name":"(anonymous_7)","line":31,"loc":{"start":{"line":31,"column":32},"end":{"line":31,"column":48}}}},"statementMap":{"1":{"start":{"line":1,"column":0},"end":{"line":1,"column":28}},"2":{"start":{"line":2,"column":0},"end":{"line":2,"column":23}},"3":{"start":{"line":5,"column":0},"end":{"line":7,"column":2}},"4":{"start":{"line":6,"column":2},"end":{"line":6,"column":15}},"5":{"start":{"line":9,"column":0},"end":{"line":19,"column":2}},"6":{"start":{"line":10,"column":2},"end":{"line":18,"column":5}},"7":{"start":{"line":11,"column":4},"end":{"line":17,"column":5}},"8":{"start":{"line":12,"column":6},"end":{"line":12,"column":75}},"9":{"start":{"line":14,"column":6},"end":{"line":16,"column":10}},"10":{"start":{"line":15,"column":8},"end":{"line":15,"column":33}},"11":{"start":{"line":22,"column":0},"end":{"line":36,"column":1}},"12":{"start":{"line":23,"column":1},"end":{"line":35,"column":5}},"13":{"start":{"line":28,"column":4},"end":{"line":34,"column":5}},"14":{"start":{"line":29,"column":6},"end":{"line":29,"column":74}},"15":{"start":{"line":31,"column":6},"end":{"line":33,"column":10}},"16":{"start":{"line":32,"column":8},"end":{"line":32,"column":20}},"17":{"start":{"line":39,"column":0},"end":{"line":39,"column":24}}},"branchMap":{"1":{"line":11,"type":"if","locations":[{"start":{"line":11,"column":4},"end":{"line":11,"column":4}},{"start":{"line":11,"column":4},"end":{"line":11,"column":4}}]},"2":{"line":11,"type":"binary-expr","locations":[{"start":{"line":11,"column":7},"end":{"line":11,"column":12}},{"start":{"line":11,"column":16},"end":{"line":11,"column":23}}]},"3":{"line":12,"type":"binary-expr","locations":[{"start":{"line":12,"column":15},"end":{"line":12,"column":20}},{"start":{"line":12,"column":24},"end":{"line":12,"column":62}}]},"4":{"line":28,"type":"if","locations":[{"start":{"line":28,"column":4},"end":{"line":28,"column":4}},{"start":{"line":28,"column":4},"end":{"line":28,"column":4}}]},"5":{"line":28,"type":"binary-expr","locations":[{"start":{"line":28,"column":8},"end":{"line":28,"column":13}},{"start":{"line":28,"column":17},"end":{"line":28,"column":24}}]},"6":{"line":29,"type":"binary-expr","locations":[{"start":{"line":29,"column":15},"end":{"line":29,"column":20}},{"start":{"line":29,"column":24},"end":{"line":29,"column":62}}]}}},"/Users/jadevance/C5/projects/VideoStoreAPI/routes/customers.js":{"path":"/Users/jadevance/C5/projects/VideoStoreAPI/routes/customers.js","s":{"1":0,"2":0,"3":0,"4":0,"5":0,"6":0},"b":{},"f":{},"fnMap":{},"statementMap":{"1":{"start":{"line":1,"column":0},"end":{"line":1,"column":33}},"2":{"start":{"line":2,"column":0},"end":{"line":2,"column":30}},"3":{"start":{"line":3,"column":0},"end":{"line":3,"column":53}},"4":{"start":{"line":5,"column":0},"end":{"line":5,"column":42}},"5":{"start":{"line":6,"column":0},"end":{"line":6,"column":60}},"6":{"start":{"line":8,"column":0},"end":{"line":8,"column":24}}},"branchMap":{}},"/Users/jadevance/C5/projects/VideoStoreAPI/routes/index.js":{"path":"/Users/jadevance/C5/projects/VideoStoreAPI/routes/index.js","s":{"1":0,"2":0,"3":0,"4":0,"5":0},"b":{},"f":{},"fnMap":{},"statementMap":{"1":{"start":{"line":1,"column":0},"end":{"line":1,"column":33}},"2":{"start":{"line":2,"column":0},"end":{"line":2,"column":30}},"3":{"start":{"line":3,"column":0},"end":{"line":3,"column":53}},"4":{"start":{"line":7,"column":0},"end":{"line":7,"column":38}},"5":{"start":{"line":17,"column":0},"end":{"line":17,"column":24}}},"branchMap":{}},"/Users/jadevance/C5/projects/VideoStoreAPI/routes/rentals.js":{"path":"/Users/jadevance/C5/projects/VideoStoreAPI/routes/rentals.js","s":{"1":0,"2":0,"3":0,"4":0,"5":0},"b":{},"f":{},"fnMap":{},"statementMap":{"1":{"start":{"line":1,"column":0},"end":{"line":1,"column":33}},"2":{"start":{"line":2,"column":0},"end":{"line":2,"column":30}},"3":{"start":{"line":3,"column":0},"end":{"line":3,"column":51}},"4":{"start":{"line":6,"column":0},"end":{"line":6,"column":77}},"5":{"start":{"line":8,"column":0},"end":{"line":8,"column":24}}},"branchMap":{}},"/Users/jadevance/C5/projects/VideoStoreAPI/routes/videos.js":{"path":"/Users/jadevance/C5/projects/VideoStoreAPI/routes/videos.js","s":{"1":0,"2":0,"3":0,"4":0,"5":0,"6":0},"b":{},"f":{},"fnMap":{},"statementMap":{"1":{"start":{"line":1,"column":0},"end":{"line":1,"column":33}},"2":{"start":{"line":2,"column":0},"end":{"line":2,"column":30}},"3":{"start":{"line":3,"column":0},"end":{"line":3,"column":50}},"4":{"start":{"line":5,"column":0},"end":{"line":5,"column":39}},"5":{"start":{"line":6,"column":0},"end":{"line":6,"column":57}},"6":{"start":{"line":8,"column":0},"end":{"line":8,"column":24}}},"branchMap":{}},"/Users/jadevance/C5/projects/VideoStoreAPI/tasks/db_create.js":{"path":"/Users/jadevance/C5/projects/VideoStoreAPI/tasks/db_create.js","s":{"1":0,"2":0,"3":0,"4":0,"5":0,"6":0,"7":0,"8":0},"b":{"1":[0,0]},"f":{"1":0},"fnMap":{"1":{"name":"(anonymous_1)","line":6,"loc":{"start":{"line":6,"column":49},"end":{"line":6,"column":68}}}},"statementMap":{"1":{"start":{"line":1,"column":0},"end":{"line":1,"column":33}},"2":{"start":{"line":2,"column":0},"end":{"line":2,"column":46}},"3":{"start":{"line":4,"column":0},"end":{"line":4,"column":68}},"4":{"start":{"line":6,"column":0},"end":{"line":11,"column":2}},"5":{"start":{"line":7,"column":2},"end":{"line":8,"column":34}},"6":{"start":{"line":8,"column":4},"end":{"line":8,"column":34}},"7":{"start":{"line":9,"column":0},"end":{"line":9,"column":17}},"8":{"start":{"line":10,"column":0},"end":{"line":10,"column":15}}},"branchMap":{"1":{"line":7,"type":"if","locations":[{"start":{"line":7,"column":2},"end":{"line":7,"column":2}},{"start":{"line":7,"column":2},"end":{"line":7,"column":2}}]}}},"/Users/jadevance/C5/projects/VideoStoreAPI/tasks/load_schema.js":{"path":"/Users/jadevance/C5/projects/VideoStoreAPI/tasks/load_schema.js","s":{"1":0,"2":0,"3":0,"4":0,"5":0,"6":0,"7":0,"8":0},"b":{"1":[0,0]},"f":{"1":0},"fnMap":{"1":{"name":"(anonymous_1)","line":9,"loc":{"start":{"line":9,"column":20},"end":{"line":9,"column":39}}}},"statementMap":{"1":{"start":{"line":1,"column":0},"end":{"line":1,"column":33}},"2":{"start":{"line":2,"column":0},"end":{"line":2,"column":68}},"3":{"start":{"line":4,"column":0},"end":{"line":4,"column":68}},"4":{"start":{"line":9,"column":0},"end":{"line":15,"column":3}},"5":{"start":{"line":10,"column":2},"end":{"line":12,"column":3}},"6":{"start":{"line":11,"column":4},"end":{"line":11,"column":33}},"7":{"start":{"line":13,"column":2},"end":{"line":13,"column":28}},"8":{"start":{"line":14,"column":2},"end":{"line":14,"column":17}}},"branchMap":{"1":{"line":10,"type":"if","locations":[{"start":{"line":10,"column":2},"end":{"line":10,"column":2}},{"start":{"line":10,"column":2},"end":{"line":10,"column":2}}]}}},"/Users/jadevance/C5/projects/VideoStoreAPI/tasks/seed.js":{"path":"/Users/jadevance/C5/projects/VideoStoreAPI/tasks/seed.js","s":{"1":0,"2":0,"3":0,"4":0,"5":0,"6":0,"7":0,"8":0,"9":0,"10":0,"11":0,"12":0,"13":0,"14":0,"15":0,"16":0,"17":0,"18":0,"19":0,"20":0,"21":0,"22":0,"23":0,"24":0,"25":0,"26":0,"27":0,"28":0,"29":0},"b":{"1":[0,0],"2":[0,0,0],"3":[0,0],"4":[0,0,0],"5":[0,0],"6":[0,0,0]},"f":{"1":0,"2":0,"3":0,"4":0},"fnMap":{"1":{"name":"(anonymous_1)","line":13,"loc":{"start":{"line":13,"column":11},"end":{"line":13,"column":21}}},"2":{"name":"(anonymous_2)","line":15,"loc":{"start":{"line":15,"column":27},"end":{"line":15,"column":46}}},"3":{"name":"(anonymous_3)","line":25,"loc":{"start":{"line":25,"column":35},"end":{"line":25,"column":54}}},"4":{"name":"(anonymous_4)","line":35,"loc":{"start":{"line":35,"column":28},"end":{"line":35,"column":47}}}},"statementMap":{"1":{"start":{"line":1,"column":0},"end":{"line":1,"column":32}},"2":{"start":{"line":2,"column":0},"end":{"line":2,"column":67}},"3":{"start":{"line":3,"column":0},"end":{"line":3,"column":67}},"4":{"start":{"line":5,"column":0},"end":{"line":5,"column":51}},"5":{"start":{"line":6,"column":0},"end":{"line":6,"column":53}},"6":{"start":{"line":7,"column":0},"end":{"line":7,"column":53}},"7":{"start":{"line":9,"column":0},"end":{"line":9,"column":37}},"8":{"start":{"line":10,"column":0},"end":{"line":10,"column":35}},"9":{"start":{"line":11,"column":0},"end":{"line":11,"column":39}},"10":{"start":{"line":13,"column":0},"end":{"line":43,"column":1}},"11":{"start":{"line":14,"column":2},"end":{"line":22,"column":3}},"12":{"start":{"line":15,"column":4},"end":{"line":21,"column":6}},"13":{"start":{"line":16,"column":6},"end":{"line":16,"column":49}},"14":{"start":{"line":17,"column":6},"end":{"line":17,"column":21}},"15":{"start":{"line":18,"column":6},"end":{"line":20,"column":7}},"16":{"start":{"line":19,"column":8},"end":{"line":19,"column":22}},"17":{"start":{"line":24,"column":2},"end":{"line":32,"column":3}},"18":{"start":{"line":25,"column":4},"end":{"line":31,"column":6}},"19":{"start":{"line":26,"column":6},"end":{"line":26,"column":49}},"20":{"start":{"line":27,"column":6},"end":{"line":27,"column":20}},"21":{"start":{"line":28,"column":6},"end":{"line":30,"column":7}},"22":{"start":{"line":29,"column":8},"end":{"line":29,"column":22}},"23":{"start":{"line":34,"column":2},"end":{"line":42,"column":3}},"24":{"start":{"line":35,"column":4},"end":{"line":41,"column":6}},"25":{"start":{"line":36,"column":6},"end":{"line":36,"column":49}},"26":{"start":{"line":37,"column":6},"end":{"line":37,"column":22}},"27":{"start":{"line":38,"column":6},"end":{"line":40,"column":7}},"28":{"start":{"line":39,"column":8},"end":{"line":39,"column":22}},"29":{"start":{"line":45,"column":0},"end":{"line":45,"column":6}}},"branchMap":{"1":{"line":18,"type":"if","locations":[{"start":{"line":18,"column":6},"end":{"line":18,"column":6}},{"start":{"line":18,"column":6},"end":{"line":18,"column":6}}]},"2":{"line":18,"type":"binary-expr","locations":[{"start":{"line":18,"column":11},"end":{"line":18,"column":29}},{"start":{"line":18,"column":35},"end":{"line":18,"column":52}},{"start":{"line":18,"column":58},"end":{"line":18,"column":77}}]},"3":{"line":28,"type":"if","locations":[{"start":{"line":28,"column":6},"end":{"line":28,"column":6}},{"start":{"line":28,"column":6},"end":{"line":28,"column":6}}]},"4":{"line":28,"type":"binary-expr","locations":[{"start":{"line":28,"column":11},"end":{"line":28,"column":29}},{"start":{"line":28,"column":35},"end":{"line":28,"column":52}},{"start":{"line":28,"column":58},"end":{"line":28,"column":77}}]},"5":{"line":38,"type":"if","locations":[{"start":{"line":38,"column":6},"end":{"line":38,"column":6}},{"start":{"line":38,"column":6},"end":{"line":38,"column":6}}]},"6":{"line":38,"type":"binary-expr","locations":[{"start":{"line":38,"column":11},"end":{"line":38,"column":29}},{"start":{"line":38,"column":35},"end":{"line":38,"column":52}},{"start":{"line":38,"column":58},"end":{"line":38,"column":77}}]}}}}