{"/Users/sakne/C5/projects/VideoStoreAPI/app.js":{"path":"/Users/sakne/C5/projects/VideoStoreAPI/app.js","s":{"1":1,"2":1,"3":1,"4":1,"5":1,"6":1,"7":1,"8":1,"9":1,"10":1,"11":1,"12":1,"13":1,"14":1,"15":1,"16":1,"17":1,"18":1,"19":1,"20":1,"21":1,"22":1,"23":1,"24":0,"25":0,"26":0,"27":1,"28":0,"29":0,"30":0,"31":1,"32":0,"33":0},"b":{"1":[0,1],"2":[0,0],"3":[0,0]},"f":{"1":0,"2":0,"3":0},"fnMap":{"1":{"name":"(anonymous_1)","line":36,"loc":{"start":{"line":36,"column":8},"end":{"line":36,"column":33}}},"2":{"name":"(anonymous_2)","line":47,"loc":{"start":{"line":47,"column":10},"end":{"line":47,"column":40}}},"3":{"name":"(anonymous_3)","line":58,"loc":{"start":{"line":58,"column":8},"end":{"line":58,"column":38}}}},"statementMap":{"1":{"start":{"line":1,"column":0},"end":{"line":1,"column":32}},"2":{"start":{"line":2,"column":0},"end":{"line":2,"column":26}},"3":{"start":{"line":3,"column":0},"end":{"line":3,"column":38}},"4":{"start":{"line":4,"column":0},"end":{"line":4,"column":30}},"5":{"start":{"line":5,"column":0},"end":{"line":5,"column":43}},"6":{"start":{"line":6,"column":0},"end":{"line":6,"column":39}},"7":{"start":{"line":8,"column":0},"end":{"line":8,"column":32}},"8":{"start":{"line":9,"column":0},"end":{"line":9,"column":61}},"9":{"start":{"line":11,"column":0},"end":{"line":11,"column":36}},"10":{"start":{"line":13,"column":0},"end":{"line":13,"column":67}},"11":{"start":{"line":14,"column":0},"end":{"line":14,"column":17}},"12":{"start":{"line":17,"column":0},"end":{"line":17,"column":47}},"13":{"start":{"line":18,"column":0},"end":{"line":18,"column":30}},"14":{"start":{"line":20,"column":0},"end":{"line":20,"column":38}},"15":{"start":{"line":22,"column":0},"end":{"line":22,"column":41}},"16":{"start":{"line":26,"column":0},"end":{"line":26,"column":22}},"17":{"start":{"line":27,"column":0},"end":{"line":27,"column":26}},"18":{"start":{"line":28,"column":0},"end":{"line":28,"column":51}},"19":{"start":{"line":29,"column":0},"end":{"line":29,"column":23}},"20":{"start":{"line":30,"column":0},"end":{"line":30,"column":55}},"21":{"start":{"line":32,"column":0},"end":{"line":32,"column":20}},"22":{"start":{"line":33,"column":0},"end":{"line":33,"column":28}},"23":{"start":{"line":36,"column":0},"end":{"line":40,"column":2}},"24":{"start":{"line":37,"column":2},"end":{"line":37,"column":34}},"25":{"start":{"line":38,"column":2},"end":{"line":38,"column":18}},"26":{"start":{"line":39,"column":2},"end":{"line":39,"column":11}},"27":{"start":{"line":46,"column":0},"end":{"line":54,"column":1}},"28":{"start":{"line":47,"column":2},"end":{"line":53,"column":4}},"29":{"start":{"line":48,"column":4},"end":{"line":48,"column":33}},"30":{"start":{"line":49,"column":4},"end":{"line":52,"column":6}},"31":{"start":{"line":58,"column":0},"end":{"line":64,"column":2}},"32":{"start":{"line":59,"column":2},"end":{"line":59,"column":31}},"33":{"start":{"line":60,"column":2},"end":{"line":63,"column":4}}},"branchMap":{"1":{"line":46,"type":"if","locations":[{"start":{"line":46,"column":0},"end":{"line":46,"column":0}},{"start":{"line":46,"column":0},"end":{"line":46,"column":0}}]},"2":{"line":48,"type":"binary-expr","locations":[{"start":{"line":48,"column":15},"end":{"line":48,"column":25}},{"start":{"line":48,"column":29},"end":{"line":48,"column":32}}]},"3":{"line":59,"type":"binary-expr","locations":[{"start":{"line":59,"column":13},"end":{"line":59,"column":23}},{"start":{"line":59,"column":27},"end":{"line":59,"column":30}}]}}},"/Users/sakne/C5/projects/VideoStoreAPI/routes/index.js":{"path":"/Users/sakne/C5/projects/VideoStoreAPI/routes/index.js","s":{"1":1,"2":1,"3":1,"4":1,"5":1,"6":1,"7":0,"8":1,"9":0,"10":1,"11":0,"12":1,"13":0,"14":1,"15":0,"16":1,"17":0,"18":1,"19":0,"20":1,"21":0,"22":1,"23":0,"24":1,"25":0,"26":1,"27":0,"28":1,"29":0,"30":1,"31":0,"32":1,"33":0,"34":1},"b":{},"f":{"1":0,"2":0,"3":0,"4":0,"5":0,"6":0,"7":0,"8":0,"9":0,"10":0,"11":0,"12":0,"13":0,"14":0},"fnMap":{"1":{"name":"(anonymous_1)","line":7,"loc":{"start":{"line":7,"column":16},"end":{"line":7,"column":41}}},"2":{"name":"(anonymous_2)","line":11,"loc":{"start":{"line":11,"column":22},"end":{"line":11,"column":47}}},"3":{"name":"(anonymous_3)","line":15,"loc":{"start":{"line":15,"column":40},"end":{"line":15,"column":65}}},"4":{"name":"(anonymous_4)","line":20,"loc":{"start":{"line":20,"column":0},"end":{"line":20,"column":25}}},"5":{"name":"(anonymous_5)","line":24,"loc":{"start":{"line":24,"column":54},"end":{"line":24,"column":78}}},"6":{"name":"(anonymous_6)","line":28,"loc":{"start":{"line":28,"column":25},"end":{"line":28,"column":49}}},"7":{"name":"(anonymous_7)","line":32,"loc":{"start":{"line":32,"column":43},"end":{"line":32,"column":68}}},"8":{"name":"(anonymous_8)","line":36,"loc":{"start":{"line":36,"column":37},"end":{"line":36,"column":61}}},"9":{"name":"(anonymous_9)","line":41,"loc":{"start":{"line":41,"column":0},"end":{"line":41,"column":25}}},"10":{"name":"(anonymous_10)","line":47,"loc":{"start":{"line":47,"column":0},"end":{"line":47,"column":25}}},"11":{"name":"(anonymous_11)","line":52,"loc":{"start":{"line":52,"column":0},"end":{"line":52,"column":25}}},"12":{"name":"(anonymous_12)","line":57,"loc":{"start":{"line":57,"column":0},"end":{"line":57,"column":25}}},"13":{"name":"(anonymous_13)","line":62,"loc":{"start":{"line":62,"column":0},"end":{"line":62,"column":25}}},"14":{"name":"(anonymous_14)","line":67,"loc":{"start":{"line":67,"column":0},"end":{"line":67,"column":25}}}},"statementMap":{"1":{"start":{"line":1,"column":0},"end":{"line":1,"column":32}},"2":{"start":{"line":2,"column":0},"end":{"line":2,"column":29}},"3":{"start":{"line":3,"column":0},"end":{"line":3,"column":67}},"4":{"start":{"line":4,"column":0},"end":{"line":4,"column":73}},"5":{"start":{"line":5,"column":0},"end":{"line":5,"column":69}},"6":{"start":{"line":7,"column":0},"end":{"line":9,"column":2}},"7":{"start":{"line":8,"column":2},"end":{"line":8,"column":47}},"8":{"start":{"line":11,"column":0},"end":{"line":13,"column":2}},"9":{"start":{"line":12,"column":2},"end":{"line":12,"column":41}},"10":{"start":{"line":15,"column":0},"end":{"line":17,"column":2}},"11":{"start":{"line":16,"column":2},"end":{"line":16,"column":40}},"12":{"start":{"line":19,"column":0},"end":{"line":22,"column":2}},"13":{"start":{"line":21,"column":2},"end":{"line":21,"column":43}},"14":{"start":{"line":24,"column":0},"end":{"line":26,"column":2}},"15":{"start":{"line":25,"column":2},"end":{"line":25,"column":43}},"16":{"start":{"line":28,"column":0},"end":{"line":30,"column":2}},"17":{"start":{"line":29,"column":2},"end":{"line":29,"column":44}},"18":{"start":{"line":32,"column":0},"end":{"line":34,"column":2}},"19":{"start":{"line":33,"column":2},"end":{"line":33,"column":43}},"20":{"start":{"line":36,"column":0},"end":{"line":38,"column":2}},"21":{"start":{"line":37,"column":2},"end":{"line":37,"column":46}},"22":{"start":{"line":40,"column":0},"end":{"line":43,"column":2}},"23":{"start":{"line":42,"column":2},"end":{"line":42,"column":46}},"24":{"start":{"line":46,"column":0},"end":{"line":49,"column":2}},"25":{"start":{"line":48,"column":2},"end":{"line":48,"column":41}},"26":{"start":{"line":51,"column":0},"end":{"line":54,"column":2}},"27":{"start":{"line":53,"column":2},"end":{"line":53,"column":46}},"28":{"start":{"line":56,"column":0},"end":{"line":59,"column":2}},"29":{"start":{"line":58,"column":2},"end":{"line":58,"column":46}},"30":{"start":{"line":61,"column":0},"end":{"line":64,"column":2}},"31":{"start":{"line":63,"column":2},"end":{"line":63,"column":43}},"32":{"start":{"line":66,"column":0},"end":{"line":69,"column":2}},"33":{"start":{"line":68,"column":2},"end":{"line":68,"column":44}},"34":{"start":{"line":73,"column":0},"end":{"line":73,"column":23}}},"branchMap":{}},"/Users/sakne/C5/projects/VideoStoreAPI/controllers/movies_controller.js":{"path":"/Users/sakne/C5/projects/VideoStoreAPI/controllers/movies_controller.js","s":{"1":1,"2":1,"3":1,"4":0,"5":0,"6":0,"7":0,"8":0,"9":0,"10":0,"11":0,"12":0,"13":0,"14":0,"15":0,"16":0,"17":0,"18":0,"19":0,"20":0,"21":0,"22":0,"23":0,"24":0,"25":0,"26":0,"27":0,"28":1},"b":{"1":[0,0],"2":[0,0],"3":[0,0],"4":[0,0]},"f":{"1":0,"2":0,"3":0,"4":0,"5":0,"6":0,"7":0,"8":0},"fnMap":{"1":{"name":"(anonymous_1)","line":6,"loc":{"start":{"line":6,"column":9},"end":{"line":6,"column":34}}},"2":{"name":"(anonymous_2)","line":7,"loc":{"start":{"line":7,"column":14},"end":{"line":7,"column":38}}},"3":{"name":"(anonymous_3)","line":18,"loc":{"start":{"line":18,"column":8},"end":{"line":18,"column":33}}},"4":{"name":"(anonymous_4)","line":19,"loc":{"start":{"line":19,"column":65},"end":{"line":19,"column":89}}},"5":{"name":"(anonymous_5)","line":30,"loc":{"start":{"line":30,"column":11},"end":{"line":30,"column":36}}},"6":{"name":"(anonymous_6)","line":31,"loc":{"start":{"line":31,"column":63},"end":{"line":31,"column":88}}},"7":{"name":"(anonymous_7)","line":42,"loc":{"start":{"line":42,"column":11},"end":{"line":42,"column":36}}},"8":{"name":"(anonymous_8)","line":43,"loc":{"start":{"line":43,"column":67},"end":{"line":43,"column":92}}}},"statementMap":{"1":{"start":{"line":1,"column":0},"end":{"line":1,"column":38}},"2":{"start":{"line":2,"column":0},"end":{"line":2,"column":40}},"3":{"start":{"line":4,"column":0},"end":{"line":53,"column":1}},"4":{"start":{"line":7,"column":4},"end":{"line":15,"column":6}},"5":{"start":{"line":8,"column":6},"end":{"line":14,"column":7}},"6":{"start":{"line":9,"column":8},"end":{"line":9,"column":73}},"7":{"start":{"line":10,"column":8},"end":{"line":10,"column":24}},"8":{"start":{"line":11,"column":8},"end":{"line":11,"column":17}},"9":{"start":{"line":13,"column":8},"end":{"line":13,"column":24}},"10":{"start":{"line":19,"column":4},"end":{"line":27,"column":6}},"11":{"start":{"line":20,"column":6},"end":{"line":26,"column":7}},"12":{"start":{"line":21,"column":8},"end":{"line":21,"column":73}},"13":{"start":{"line":22,"column":8},"end":{"line":22,"column":24}},"14":{"start":{"line":23,"column":8},"end":{"line":23,"column":17}},"15":{"start":{"line":25,"column":8},"end":{"line":25,"column":24}},"16":{"start":{"line":31,"column":4},"end":{"line":39,"column":6}},"17":{"start":{"line":32,"column":6},"end":{"line":38,"column":7}},"18":{"start":{"line":33,"column":8},"end":{"line":33,"column":74}},"19":{"start":{"line":34,"column":8},"end":{"line":34,"column":24}},"20":{"start":{"line":35,"column":8},"end":{"line":35,"column":17}},"21":{"start":{"line":37,"column":8},"end":{"line":37,"column":25}},"22":{"start":{"line":43,"column":4},"end":{"line":51,"column":6}},"23":{"start":{"line":44,"column":6},"end":{"line":50,"column":7}},"24":{"start":{"line":45,"column":8},"end":{"line":45,"column":74}},"25":{"start":{"line":46,"column":8},"end":{"line":46,"column":24}},"26":{"start":{"line":47,"column":8},"end":{"line":47,"column":17}},"27":{"start":{"line":49,"column":8},"end":{"line":49,"column":25}},"28":{"start":{"line":55,"column":0},"end":{"line":55,"column":33}}},"branchMap":{"1":{"line":8,"type":"if","locations":[{"start":{"line":8,"column":6},"end":{"line":8,"column":6}},{"start":{"line":8,"column":6},"end":{"line":8,"column":6}}]},"2":{"line":20,"type":"if","locations":[{"start":{"line":20,"column":6},"end":{"line":20,"column":6}},{"start":{"line":20,"column":6},"end":{"line":20,"column":6}}]},"3":{"line":32,"type":"if","locations":[{"start":{"line":32,"column":6},"end":{"line":32,"column":6}},{"start":{"line":32,"column":6},"end":{"line":32,"column":6}}]},"4":{"line":44,"type":"if","locations":[{"start":{"line":44,"column":6},"end":{"line":44,"column":6}},{"start":{"line":44,"column":6},"end":{"line":44,"column":6}}]}}},"/Users/sakne/C5/projects/VideoStoreAPI/models/movie.js":{"path":"/Users/sakne/C5/projects/VideoStoreAPI/models/movie.js","s":{"1":1,"2":1,"3":1,"4":0,"5":1,"6":0,"7":0,"8":0,"9":0,"10":0,"11":0,"12":0,"13":1,"14":0,"15":0,"16":0,"17":0,"18":0,"19":0,"20":0,"21":0,"22":1},"b":{"1":[0,0],"2":[0,0],"3":[0,0],"4":[0,0],"5":[0,0],"6":[0,0],"7":[0,0],"8":[0,0]},"f":{"1":0,"2":0,"3":0,"4":0,"5":0,"6":0,"7":0},"fnMap":{"1":{"name":"(anonymous_1)","line":4,"loc":{"start":{"line":4,"column":12},"end":{"line":4,"column":25}}},"2":{"name":"(anonymous_2)","line":8,"loc":{"start":{"line":8,"column":12},"end":{"line":8,"column":31}}},"3":{"name":"(anonymous_3)","line":9,"loc":{"start":{"line":9,"column":17},"end":{"line":9,"column":41}}},"4":{"name":"(anonymous_4)","line":15,"loc":{"start":{"line":15,"column":32},"end":{"line":15,"column":48}}},"5":{"name":"(anonymous_5)","line":22,"loc":{"start":{"line":22,"column":13},"end":{"line":22,"column":51}}},"6":{"name":"(anonymous_6)","line":29,"loc":{"start":{"line":29,"column":30},"end":{"line":29,"column":54}}},"7":{"name":"(anonymous_7)","line":35,"loc":{"start":{"line":35,"column":32},"end":{"line":35,"column":48}}}},"statementMap":{"1":{"start":{"line":1,"column":0},"end":{"line":1,"column":27}},"2":{"start":{"line":2,"column":0},"end":{"line":2,"column":22}},"3":{"start":{"line":4,"column":0},"end":{"line":6,"column":1}},"4":{"start":{"line":5,"column":2},"end":{"line":5,"column":14}},"5":{"start":{"line":8,"column":0},"end":{"line":20,"column":1}},"6":{"start":{"line":9,"column":2},"end":{"line":19,"column":4}},"7":{"start":{"line":10,"column":4},"end":{"line":18,"column":5}},"8":{"start":{"line":11,"column":6},"end":{"line":11,"column":74}},"9":{"start":{"line":12,"column":11},"end":{"line":18,"column":5}},"10":{"start":{"line":13,"column":6},"end":{"line":13,"column":64}},"11":{"start":{"line":15,"column":6},"end":{"line":17,"column":9}},"12":{"start":{"line":16,"column":8},"end":{"line":16,"column":31}},"13":{"start":{"line":22,"column":0},"end":{"line":40,"column":1}},"14":{"start":{"line":23,"column":2},"end":{"line":27,"column":3}},"15":{"start":{"line":29,"column":2},"end":{"line":39,"column":4}},"16":{"start":{"line":30,"column":4},"end":{"line":38,"column":5}},"17":{"start":{"line":31,"column":6},"end":{"line":31,"column":74}},"18":{"start":{"line":32,"column":11},"end":{"line":38,"column":5}},"19":{"start":{"line":33,"column":6},"end":{"line":33,"column":64}},"20":{"start":{"line":35,"column":6},"end":{"line":37,"column":9}},"21":{"start":{"line":36,"column":8},"end":{"line":36,"column":31}},"22":{"start":{"line":42,"column":0},"end":{"line":42,"column":22}}},"branchMap":{"1":{"line":10,"type":"if","locations":[{"start":{"line":10,"column":4},"end":{"line":10,"column":4}},{"start":{"line":10,"column":4},"end":{"line":10,"column":4}}]},"2":{"line":11,"type":"binary-expr","locations":[{"start":{"line":11,"column":15},"end":{"line":11,"column":20}},{"start":{"line":11,"column":24},"end":{"line":11,"column":62}}]},"3":{"line":12,"type":"if","locations":[{"start":{"line":12,"column":11},"end":{"line":12,"column":11}},{"start":{"line":12,"column":11},"end":{"line":12,"column":11}}]},"4":{"line":13,"type":"binary-expr","locations":[{"start":{"line":13,"column":15},"end":{"line":13,"column":20}},{"start":{"line":13,"column":24},"end":{"line":13,"column":52}}]},"5":{"line":30,"type":"if","locations":[{"start":{"line":30,"column":4},"end":{"line":30,"column":4}},{"start":{"line":30,"column":4},"end":{"line":30,"column":4}}]},"6":{"line":31,"type":"binary-expr","locations":[{"start":{"line":31,"column":15},"end":{"line":31,"column":20}},{"start":{"line":31,"column":24},"end":{"line":31,"column":62}}]},"7":{"line":32,"type":"if","locations":[{"start":{"line":32,"column":11},"end":{"line":32,"column":11}},{"start":{"line":32,"column":11},"end":{"line":32,"column":11}}]},"8":{"line":33,"type":"binary-expr","locations":[{"start":{"line":33,"column":15},"end":{"line":33,"column":20}},{"start":{"line":33,"column":24},"end":{"line":33,"column":52}}]}}},"/Users/sakne/C5/projects/VideoStoreAPI/models/rental.js":{"path":"/Users/sakne/C5/projects/VideoStoreAPI/models/rental.js","s":{"1":1,"2":1,"3":1,"4":1,"5":1,"6":0,"7":1,"8":0,"9":0,"10":0,"11":0,"12":1,"13":0,"14":0,"15":0,"16":0,"17":0,"18":1,"19":0,"20":0,"21":0,"22":0,"23":0,"24":1,"25":0,"26":0,"27":0,"28":0,"29":0,"30":1,"31":0,"32":0,"33":0,"34":0,"35":0,"36":1},"b":{"1":[0,0],"2":[0,0],"3":[0,0],"4":[0,0],"5":[0,0]},"f":{"1":0,"2":0,"3":0,"4":0,"5":0,"6":0,"7":0,"8":0,"9":0,"10":0,"11":0},"fnMap":{"1":{"name":"(anonymous_1)","line":6,"loc":{"start":{"line":6,"column":13},"end":{"line":6,"column":26}}},"2":{"name":"(anonymous_2)","line":10,"loc":{"start":{"line":10,"column":14},"end":{"line":10,"column":40}}},"3":{"name":"(anonymous_3)","line":11,"loc":{"start":{"line":11,"column":149},"end":{"line":11,"column":174}}},"4":{"name":"(anonymous_4)","line":22,"loc":{"start":{"line":22,"column":23},"end":{"line":22,"column":58}}},"5":{"name":"(anonymous_5)","line":26,"loc":{"start":{"line":26,"column":165},"end":{"line":26,"column":192}}},"6":{"name":"(anonymous_6)","line":35,"loc":{"start":{"line":35,"column":20},"end":{"line":35,"column":56}}},"7":{"name":"(anonymous_7)","line":39,"loc":{"start":{"line":39,"column":140},"end":{"line":39,"column":164}}},"8":{"name":"(anonymous_8)","line":48,"loc":{"start":{"line":48,"column":23},"end":{"line":48,"column":62}}},"9":{"name":"(anonymous_9)","line":49,"loc":{"start":{"line":49,"column":169},"end":{"line":49,"column":199}}},"10":{"name":"(anonymous_10)","line":59,"loc":{"start":{"line":59,"column":25},"end":{"line":59,"column":70}}},"11":{"name":"(anonymous_11)","line":60,"loc":{"start":{"line":60,"column":97},"end":{"line":60,"column":127}}}},"statementMap":{"1":{"start":{"line":1,"column":0},"end":{"line":1,"column":27}},"2":{"start":{"line":2,"column":0},"end":{"line":2,"column":44}},"3":{"start":{"line":3,"column":0},"end":{"line":3,"column":38}},"4":{"start":{"line":4,"column":0},"end":{"line":4,"column":22}},"5":{"start":{"line":6,"column":0},"end":{"line":8,"column":1}},"6":{"start":{"line":7,"column":2},"end":{"line":7,"column":14}},"7":{"start":{"line":10,"column":0},"end":{"line":20,"column":1}},"8":{"start":{"line":11,"column":2},"end":{"line":19,"column":4}},"9":{"start":{"line":14,"column":4},"end":{"line":18,"column":5}},"10":{"start":{"line":15,"column":6},"end":{"line":15,"column":32}},"11":{"start":{"line":17,"column":6},"end":{"line":17,"column":29}},"12":{"start":{"line":22,"column":0},"end":{"line":33,"column":1}},"13":{"start":{"line":23,"column":2},"end":{"line":25,"column":3}},"14":{"start":{"line":26,"column":2},"end":{"line":32,"column":4}},"15":{"start":{"line":27,"column":4},"end":{"line":31,"column":5}},"16":{"start":{"line":28,"column":6},"end":{"line":28,"column":32}},"17":{"start":{"line":30,"column":6},"end":{"line":30,"column":31}},"18":{"start":{"line":35,"column":0},"end":{"line":46,"column":1}},"19":{"start":{"line":36,"column":2},"end":{"line":38,"column":3}},"20":{"start":{"line":39,"column":2},"end":{"line":45,"column":4}},"21":{"start":{"line":40,"column":4},"end":{"line":44,"column":5}},"22":{"start":{"line":41,"column":6},"end":{"line":41,"column":32}},"23":{"start":{"line":43,"column":6},"end":{"line":43,"column":28}},"24":{"start":{"line":48,"column":0},"end":{"line":57,"column":1}},"25":{"start":{"line":49,"column":2},"end":{"line":56,"column":4}},"26":{"start":{"line":50,"column":4},"end":{"line":55,"column":5}},"27":{"start":{"line":51,"column":6},"end":{"line":51,"column":32}},"28":{"start":{"line":53,"column":6},"end":{"line":53,"column":49}},"29":{"start":{"line":54,"column":6},"end":{"line":54,"column":34}},"30":{"start":{"line":59,"column":0},"end":{"line":68,"column":1}},"31":{"start":{"line":60,"column":2},"end":{"line":67,"column":4}},"32":{"start":{"line":61,"column":4},"end":{"line":66,"column":5}},"33":{"start":{"line":62,"column":6},"end":{"line":62,"column":32}},"34":{"start":{"line":64,"column":6},"end":{"line":64,"column":49}},"35":{"start":{"line":65,"column":6},"end":{"line":65,"column":34}},"36":{"start":{"line":70,"column":0},"end":{"line":70,"column":23}}},"branchMap":{"1":{"line":14,"type":"if","locations":[{"start":{"line":14,"column":4},"end":{"line":14,"column":4}},{"start":{"line":14,"column":4},"end":{"line":14,"column":4}}]},"2":{"line":27,"type":"if","locations":[{"start":{"line":27,"column":4},"end":{"line":27,"column":4}},{"start":{"line":27,"column":4},"end":{"line":27,"column":4}}]},"3":{"line":40,"type":"if","locations":[{"start":{"line":40,"column":4},"end":{"line":40,"column":4}},{"start":{"line":40,"column":4},"end":{"line":40,"column":4}}]},"4":{"line":50,"type":"if","locations":[{"start":{"line":50,"column":4},"end":{"line":50,"column":4}},{"start":{"line":50,"column":4},"end":{"line":50,"column":4}}]},"5":{"line":61,"type":"if","locations":[{"start":{"line":61,"column":4},"end":{"line":61,"column":4}},{"start":{"line":61,"column":4},"end":{"line":61,"column":4}}]}}},"/Users/sakne/C5/projects/VideoStoreAPI/models/customer.js":{"path":"/Users/sakne/C5/projects/VideoStoreAPI/models/customer.js","s":{"1":1,"2":1,"3":1,"4":400,"5":1,"6":2,"7":2,"8":0,"9":2,"10":0,"11":2,"12":400,"13":1,"14":1,"15":1,"16":1,"17":1,"18":0,"19":0,"20":0,"21":0,"22":1,"23":0,"24":0,"25":0,"26":1},"b":{"1":[0,2],"2":[0,0],"3":[0,2],"4":[0,0],"5":[1,0],"6":[1,0],"7":[0,0],"8":[0,0]},"f":{"1":400,"2":2,"3":2,"4":400,"5":1,"6":1,"7":0,"8":0,"9":0},"fnMap":{"1":{"name":"(anonymous_1)","line":4,"loc":{"start":{"line":4,"column":15},"end":{"line":4,"column":28}}},"2":{"name":"(anonymous_2)","line":8,"loc":{"start":{"line":8,"column":15},"end":{"line":8,"column":34}}},"3":{"name":"(anonymous_3)","line":9,"loc":{"start":{"line":9,"column":20},"end":{"line":9,"column":47}}},"4":{"name":"(anonymous_4)","line":15,"loc":{"start":{"line":15,"column":35},"end":{"line":15,"column":54}}},"5":{"name":"(anonymous_5)","line":22,"loc":{"start":{"line":22,"column":16},"end":{"line":22,"column":63}}},"6":{"name":"(anonymous_6)","line":30,"loc":{"start":{"line":30,"column":33},"end":{"line":30,"column":60}}},"7":{"name":"(anonymous_7)","line":36,"loc":{"start":{"line":36,"column":35},"end":{"line":36,"column":54}}},"8":{"name":"(anonymous_8)","line":44,"loc":{"start":{"line":44,"column":19},"end":{"line":44,"column":64}}},"9":{"name":"(anonymous_9)","line":50,"loc":{"start":{"line":50,"column":33},"end":{"line":50,"column":59}}}},"statementMap":{"1":{"start":{"line":1,"column":0},"end":{"line":1,"column":27}},"2":{"start":{"line":2,"column":0},"end":{"line":2,"column":22}},"3":{"start":{"line":4,"column":0},"end":{"line":6,"column":1}},"4":{"start":{"line":5,"column":2},"end":{"line":5,"column":14}},"5":{"start":{"line":8,"column":0},"end":{"line":20,"column":1}},"6":{"start":{"line":9,"column":2},"end":{"line":19,"column":4}},"7":{"start":{"line":10,"column":4},"end":{"line":18,"column":5}},"8":{"start":{"line":11,"column":6},"end":{"line":11,"column":77}},"9":{"start":{"line":12,"column":11},"end":{"line":18,"column":5}},"10":{"start":{"line":13,"column":6},"end":{"line":13,"column":67}},"11":{"start":{"line":15,"column":6},"end":{"line":17,"column":9}},"12":{"start":{"line":16,"column":8},"end":{"line":16,"column":37}},"13":{"start":{"line":22,"column":0},"end":{"line":42,"column":1}},"14":{"start":{"line":23,"column":2},"end":{"line":28,"column":3}},"15":{"start":{"line":30,"column":2},"end":{"line":41,"column":4}},"16":{"start":{"line":31,"column":4},"end":{"line":40,"column":5}},"17":{"start":{"line":32,"column":6},"end":{"line":32,"column":77}},"18":{"start":{"line":33,"column":11},"end":{"line":40,"column":5}},"19":{"start":{"line":34,"column":6},"end":{"line":34,"column":67}},"20":{"start":{"line":36,"column":6},"end":{"line":39,"column":9}},"21":{"start":{"line":38,"column":8},"end":{"line":38,"column":37}},"22":{"start":{"line":44,"column":0},"end":{"line":62,"column":1}},"23":{"start":{"line":45,"column":2},"end":{"line":48,"column":3}},"24":{"start":{"line":50,"column":2},"end":{"line":61,"column":4}},"25":{"start":{"line":58,"column":8},"end":{"line":58,"column":37}},"26":{"start":{"line":65,"column":0},"end":{"line":65,"column":25}}},"branchMap":{"1":{"line":10,"type":"if","locations":[{"start":{"line":10,"column":4},"end":{"line":10,"column":4}},{"start":{"line":10,"column":4},"end":{"line":10,"column":4}}]},"2":{"line":11,"type":"binary-expr","locations":[{"start":{"line":11,"column":15},"end":{"line":11,"column":20}},{"start":{"line":11,"column":24},"end":{"line":11,"column":65}}]},"3":{"line":12,"type":"if","locations":[{"start":{"line":12,"column":11},"end":{"line":12,"column":11}},{"start":{"line":12,"column":11},"end":{"line":12,"column":11}}]},"4":{"line":13,"type":"binary-expr","locations":[{"start":{"line":13,"column":15},"end":{"line":13,"column":20}},{"start":{"line":13,"column":24},"end":{"line":13,"column":55}}]},"5":{"line":31,"type":"if","locations":[{"start":{"line":31,"column":4},"end":{"line":31,"column":4}},{"start":{"line":31,"column":4},"end":{"line":31,"column":4}}]},"6":{"line":32,"type":"binary-expr","locations":[{"start":{"line":32,"column":15},"end":{"line":32,"column":20}},{"start":{"line":32,"column":24},"end":{"line":32,"column":65}}]},"7":{"line":33,"type":"if","locations":[{"start":{"line":33,"column":11},"end":{"line":33,"column":11}},{"start":{"line":33,"column":11},"end":{"line":33,"column":11}}]},"8":{"line":34,"type":"binary-expr","locations":[{"start":{"line":34,"column":15},"end":{"line":34,"column":20}},{"start":{"line":34,"column":24},"end":{"line":34,"column":55}}]}}},"/Users/sakne/C5/projects/VideoStoreAPI/controllers/customers_controller.js":{"path":"/Users/sakne/C5/projects/VideoStoreAPI/controllers/customers_controller.js","s":{"1":1,"2":1,"3":1,"4":0,"5":0,"6":0,"7":0,"8":0,"9":0,"10":0,"11":0,"12":0,"13":0,"14":0,"15":0,"16":0,"17":0,"18":0,"19":0,"20":0,"21":0,"22":0,"23":0,"24":0,"25":0,"26":0,"27":0,"28":1},"b":{"1":[0,0],"2":[0,0],"3":[0,0],"4":[0,0]},"f":{"1":0,"2":0,"3":0,"4":0,"5":0,"6":0,"7":0,"8":0},"fnMap":{"1":{"name":"(anonymous_1)","line":6,"loc":{"start":{"line":6,"column":9},"end":{"line":6,"column":34}}},"2":{"name":"(anonymous_2)","line":7,"loc":{"start":{"line":7,"column":17},"end":{"line":7,"column":44}}},"3":{"name":"(anonymous_3)","line":18,"loc":{"start":{"line":18,"column":8},"end":{"line":18,"column":33}}},"4":{"name":"(anonymous_4)","line":19,"loc":{"start":{"line":19,"column":88},"end":{"line":19,"column":115}}},"5":{"name":"(anonymous_5)","line":30,"loc":{"start":{"line":30,"column":11},"end":{"line":30,"column":36}}},"6":{"name":"(anonymous_6)","line":31,"loc":{"start":{"line":31,"column":61},"end":{"line":31,"column":86}}},"7":{"name":"(anonymous_7)","line":42,"loc":{"start":{"line":42,"column":11},"end":{"line":42,"column":36}}},"8":{"name":"(anonymous_8)","line":43,"loc":{"start":{"line":43,"column":85},"end":{"line":43,"column":110}}}},"statementMap":{"1":{"start":{"line":1,"column":0},"end":{"line":1,"column":44}},"2":{"start":{"line":2,"column":0},"end":{"line":2,"column":40}},"3":{"start":{"line":4,"column":0},"end":{"line":53,"column":1}},"4":{"start":{"line":7,"column":4},"end":{"line":15,"column":6}},"5":{"start":{"line":8,"column":6},"end":{"line":14,"column":7}},"6":{"start":{"line":9,"column":8},"end":{"line":9,"column":76}},"7":{"start":{"line":10,"column":8},"end":{"line":10,"column":24}},"8":{"start":{"line":11,"column":8},"end":{"line":11,"column":17}},"9":{"start":{"line":13,"column":8},"end":{"line":13,"column":27}},"10":{"start":{"line":19,"column":4},"end":{"line":27,"column":6}},"11":{"start":{"line":20,"column":6},"end":{"line":26,"column":7}},"12":{"start":{"line":21,"column":8},"end":{"line":21,"column":76}},"13":{"start":{"line":22,"column":8},"end":{"line":22,"column":24}},"14":{"start":{"line":23,"column":8},"end":{"line":23,"column":17}},"15":{"start":{"line":25,"column":8},"end":{"line":25,"column":27}},"16":{"start":{"line":31,"column":4},"end":{"line":39,"column":6}},"17":{"start":{"line":32,"column":6},"end":{"line":38,"column":7}},"18":{"start":{"line":33,"column":8},"end":{"line":33,"column":71}},"19":{"start":{"line":34,"column":8},"end":{"line":34,"column":24}},"20":{"start":{"line":35,"column":8},"end":{"line":35,"column":17}},"21":{"start":{"line":37,"column":8},"end":{"line":37,"column":25}},"22":{"start":{"line":43,"column":4},"end":{"line":51,"column":6}},"23":{"start":{"line":44,"column":6},"end":{"line":50,"column":7}},"24":{"start":{"line":45,"column":8},"end":{"line":45,"column":74}},"25":{"start":{"line":46,"column":8},"end":{"line":46,"column":24}},"26":{"start":{"line":47,"column":8},"end":{"line":47,"column":17}},"27":{"start":{"line":49,"column":8},"end":{"line":49,"column":25}},"28":{"start":{"line":55,"column":0},"end":{"line":55,"column":36}}},"branchMap":{"1":{"line":8,"type":"if","locations":[{"start":{"line":8,"column":6},"end":{"line":8,"column":6}},{"start":{"line":8,"column":6},"end":{"line":8,"column":6}}]},"2":{"line":20,"type":"if","locations":[{"start":{"line":20,"column":6},"end":{"line":20,"column":6}},{"start":{"line":20,"column":6},"end":{"line":20,"column":6}}]},"3":{"line":32,"type":"if","locations":[{"start":{"line":32,"column":6},"end":{"line":32,"column":6}},{"start":{"line":32,"column":6},"end":{"line":32,"column":6}}]},"4":{"line":44,"type":"if","locations":[{"start":{"line":44,"column":6},"end":{"line":44,"column":6}},{"start":{"line":44,"column":6},"end":{"line":44,"column":6}}]}}},"/Users/sakne/C5/projects/VideoStoreAPI/controllers/rentals_controller.js":{"path":"/Users/sakne/C5/projects/VideoStoreAPI/controllers/rentals_controller.js","s":{"1":1,"2":1,"3":1,"4":1,"5":0,"6":0,"7":0,"8":0,"9":0,"10":0,"11":1},"b":{"1":[0,0]},"f":{"1":0,"2":0},"fnMap":{"1":{"name":"(anonymous_1)","line":6,"loc":{"start":{"line":6,"column":8},"end":{"line":6,"column":33}}},"2":{"name":"(anonymous_2)","line":7,"loc":{"start":{"line":7,"column":34},"end":{"line":7,"column":58}}}},"statementMap":{"1":{"start":{"line":1,"column":0},"end":{"line":1,"column":40}},"2":{"start":{"line":2,"column":0},"end":{"line":2,"column":38}},"3":{"start":{"line":3,"column":0},"end":{"line":3,"column":44}},"4":{"start":{"line":5,"column":0},"end":{"line":40,"column":1}},"5":{"start":{"line":7,"column":4},"end":{"line":16,"column":6}},"6":{"start":{"line":8,"column":6},"end":{"line":15,"column":7}},"7":{"start":{"line":9,"column":8},"end":{"line":9,"column":73}},"8":{"start":{"line":10,"column":8},"end":{"line":10,"column":24}},"9":{"start":{"line":11,"column":8},"end":{"line":11,"column":17}},"10":{"start":{"line":14,"column":8},"end":{"line":14,"column":24}},"11":{"start":{"line":42,"column":0},"end":{"line":42,"column":34}}},"branchMap":{"1":{"line":8,"type":"if","locations":[{"start":{"line":8,"column":6},"end":{"line":8,"column":6}},{"start":{"line":8,"column":6},"end":{"line":8,"column":6}}]}}},"/Users/sakne/C5/projects/VideoStoreAPI/routes/zomg.js":{"path":"/Users/sakne/C5/projects/VideoStoreAPI/routes/zomg.js","s":{"1":1,"2":1,"3":1,"4":1,"5":0,"6":1},"b":{},"f":{"1":0},"fnMap":{"1":{"name":"(anonymous_1)","line":30,"loc":{"start":{"line":30,"column":16},"end":{"line":30,"column":41}}}},"statementMap":{"1":{"start":{"line":25,"column":0},"end":{"line":25,"column":33}},"2":{"start":{"line":26,"column":0},"end":{"line":26,"column":30}},"3":{"start":{"line":27,"column":0},"end":{"line":27,"column":15}},"4":{"start":{"line":30,"column":0},"end":{"line":32,"column":3}},"5":{"start":{"line":31,"column":2},"end":{"line":31,"column":44}},"6":{"start":{"line":34,"column":0},"end":{"line":34,"column":24}}},"branchMap":{}}}