TN:
SF:/Users/leahpetersen/C5/projects/VideoStoreAPI/app.js
FN:50,(anonymous_1)
FN:61,(anonymous_2)
FN:72,(anonymous_3)
FNF:3
FNH:0
FNDA:0,(anonymous_1)
FNDA:0,(anonymous_2)
FNDA:0,(anonymous_3)
DA:1,1
DA:2,1
DA:3,1
DA:4,1
DA:5,1
DA:6,1
DA:7,1
DA:8,1
DA:11,1
DA:16,1
DA:19,1
DA:23,1
DA:24,1
DA:28,1
DA:31,1
DA:32,1
DA:33,1
DA:34,1
DA:36,1
DA:37,1
DA:38,1
DA:39,1
DA:43,1
DA:44,1
DA:45,1
DA:46,1
DA:50,1
DA:51,0
DA:52,0
DA:53,0
DA:60,1
DA:61,0
DA:62,0
DA:63,0
DA:72,1
DA:73,0
DA:74,0
DA:81,1
LF:38
LH:30
BRDA:60,1,0,0
BRDA:60,1,1,1
BRDA:62,2,0,0
BRDA:62,2,1,0
BRDA:73,3,0,0
BRDA:73,3,1,0
BRF:6
BRH:1
end_of_record
TN:
SF:/Users/leahpetersen/C5/projects/VideoStoreAPI/routes/index.js
FN:6,(anonymous_1)
FN:10,(anonymous_2)
FNF:2
FNH:0
FNDA:0,(anonymous_1)
FNDA:0,(anonymous_2)
DA:1,1
DA:2,1
DA:6,1
DA:7,0
DA:10,1
DA:11,0
DA:14,1
LF:7
LH:5
BRF:0
BRH:0
end_of_record
TN:
SF:/Users/leahpetersen/C5/projects/VideoStoreAPI/routes/customers.js
FNF:0
FNH:0
DA:1,1
DA:2,1
DA:3,1
DA:6,1
DA:7,1
DA:8,1
DA:9,1
DA:12,1
LF:8
LH:8
BRF:0
BRH:0
end_of_record
TN:
SF:/Users/leahpetersen/C5/projects/VideoStoreAPI/controllers/customers.js
FN:6,(anonymous_1)
FN:7,(anonymous_2)
FN:17,(anonymous_3)
FN:18,(anonymous_4)
FN:29,(anonymous_5)
FN:30,(anonymous_6)
FN:40,(anonymous_7)
FN:41,(anonymous_8)
FNF:8
FNH:0
FNDA:0,(anonymous_1)
FNDA:0,(anonymous_2)
FNDA:0,(anonymous_3)
FNDA:0,(anonymous_4)
FNDA:0,(anonymous_5)
FNDA:0,(anonymous_6)
FNDA:0,(anonymous_7)
FNDA:0,(anonymous_8)
DA:1,1
DA:2,1
DA:5,1
DA:7,0
DA:8,0
DA:9,0
DA:10,0
DA:12,0
DA:18,0
DA:19,0
DA:20,0
DA:21,0
DA:23,0
DA:30,0
DA:31,0
DA:32,0
DA:33,0
DA:35,0
DA:41,0
DA:42,0
DA:43,0
DA:44,0
DA:46,0
DA:51,1
LF:24
LH:4
BRDA:8,1,0,0
BRDA:8,1,1,0
BRDA:19,2,0,0
BRDA:19,2,1,0
BRDA:31,3,0,0
BRDA:31,3,1,0
BRDA:42,4,0,0
BRDA:42,4,1,0
BRF:8
BRH:0
end_of_record
TN:
SF:/Users/leahpetersen/C5/projects/VideoStoreAPI/models/customers_model.js
FN:4,(anonymous_1)
FN:8,(anonymous_2)
FN:9,(anonymous_3)
FN:13,(anonymous_4)
FN:20,(anonymous_5)
FN:26,(anonymous_6)
FN:30,(anonymous_7)
FNF:7
FNH:7
FNDA:200,(anonymous_1)
FNDA:1,(anonymous_2)
FNDA:1,(anonymous_3)
FNDA:200,(anonymous_4)
FNDA:1,(anonymous_5)
FNDA:1,(anonymous_6)
FNDA:2,(anonymous_7)
DA:1,1
DA:2,1
DA:4,1
DA:5,200
DA:8,1
DA:9,1
DA:10,1
DA:11,0
DA:13,1
DA:14,200
DA:20,1
DA:22,1
DA:27,1
DA:28,0
DA:30,1
DA:31,2
DA:37,1
LF:17
LH:15
BRDA:10,1,0,0
BRDA:10,1,1,1
BRDA:10,2,0,1
BRDA:10,2,1,1
BRDA:11,3,0,0
BRDA:11,3,1,0
BRDA:27,4,0,0
BRDA:27,4,1,1
BRDA:27,5,0,1
BRDA:27,5,1,1
BRDA:28,6,0,0
BRDA:28,6,1,0
BRF:12
BRH:6
end_of_record
TN:
SF:/Users/leahpetersen/C5/projects/VideoStoreAPI/models/rentals_model.js
FN:4,(anonymous_1)
FN:14,(anonymous_2)
FN:15,(anonymous_3)
FN:24,(anonymous_4)
FN:25,(anonymous_5)
FN:34,(anonymous_6)
FN:35,(anonymous_7)
FN:44,(anonymous_8)
FN:45,(anonymous_9)
FN:54,(anonymous_10)
FN:55,(anonymous_11)
FN:64,(anonymous_12)
FN:66,(anonymous_13)
FN:74,(anonymous_14)
FN:79,(anonymous_15)
FN:88,(anonymous_16)
FN:93,(anonymous_17)
FN:101,(anonymous_18)
FN:119,(anonymous_19)
FNF:19
FNH:0
FNDA:0,(anonymous_1)
FNDA:0,(anonymous_2)
FNDA:0,(anonymous_3)
FNDA:0,(anonymous_4)
FNDA:0,(anonymous_5)
FNDA:0,(anonymous_6)
FNDA:0,(anonymous_7)
FNDA:0,(anonymous_8)
FNDA:0,(anonymous_9)
FNDA:0,(anonymous_10)
FNDA:0,(anonymous_11)
FNDA:0,(anonymous_12)
FNDA:0,(anonymous_13)
FNDA:0,(anonymous_14)
FNDA:0,(anonymous_15)
FNDA:0,(anonymous_16)
FNDA:0,(anonymous_17)
FNDA:0,(anonymous_18)
FNDA:0,(anonymous_19)
DA:1,1
DA:2,1
DA:4,1
DA:5,0
DA:6,0
DA:7,0
DA:8,0
DA:9,0
DA:10,0
DA:14,1
DA:15,0
DA:16,0
DA:17,0
DA:19,0
DA:24,1
DA:25,0
DA:26,0
DA:27,0
DA:29,0
DA:34,1
DA:35,0
DA:36,0
DA:37,0
DA:39,0
DA:44,1
DA:45,0
DA:46,0
DA:47,0
DA:49,0
DA:54,1
DA:55,0
DA:56,0
DA:57,0
DA:59,0
DA:64,1
DA:65,0
DA:66,0
DA:67,0
DA:68,0
DA:70,0
DA:74,1
DA:75,0
DA:80,0
DA:81,0
DA:83,0
DA:88,1
DA:90,0
DA:94,0
DA:95,0
DA:96,0
DA:97,0
DA:101,0
DA:102,0
DA:103,0
DA:107,0
DA:108,0
DA:109,0
DA:112,0
DA:120,0
DA:121,0
DA:124,0
DA:130,1
LF:62
LH:12
BRDA:16,1,0,0
BRDA:16,1,1,0
BRDA:26,2,0,0
BRDA:26,2,1,0
BRDA:36,3,0,0
BRDA:36,3,1,0
BRDA:46,4,0,0
BRDA:46,4,1,0
BRDA:56,5,0,0
BRDA:56,5,1,0
BRDA:67,6,0,0
BRDA:67,6,1,0
BRDA:80,7,0,0
BRDA:80,7,1,0
BRDA:94,8,0,0
BRDA:94,8,1,0
BRDA:96,9,0,0
BRDA:96,9,1,0
BRDA:102,10,0,0
BRDA:102,10,1,0
BRDA:120,11,0,0
BRDA:120,11,1,0
BRF:22
BRH:0
end_of_record
TN:
SF:/Users/leahpetersen/C5/projects/VideoStoreAPI/routes/movies.js
FNF:0
FNH:0
DA:1,1
DA:2,1
DA:3,1
DA:6,1
DA:7,1
DA:8,1
DA:9,1
DA:12,1
LF:8
LH:8
BRF:0
BRH:0
end_of_record
TN:
SF:/Users/leahpetersen/C5/projects/VideoStoreAPI/controllers/movies.js
FN:6,(anonymous_1)
FN:7,(anonymous_2)
FN:17,(anonymous_3)
FN:18,(anonymous_4)
FN:29,(anonymous_5)
FN:30,(anonymous_6)
FN:40,(anonymous_7)
FNF:7
FNH:0
FNDA:0,(anonymous_1)
FNDA:0,(anonymous_2)
FNDA:0,(anonymous_3)
FNDA:0,(anonymous_4)
FNDA:0,(anonymous_5)
FNDA:0,(anonymous_6)
FNDA:0,(anonymous_7)
DA:1,1
DA:2,1
DA:5,1
DA:7,0
DA:8,0
DA:9,0
DA:10,0
DA:12,0
DA:18,0
DA:19,0
DA:20,0
DA:21,0
DA:23,0
DA:30,0
DA:31,0
DA:32,0
DA:33,0
DA:35,0
DA:45,1
LF:19
LH:4
BRDA:8,1,0,0
BRDA:8,1,1,0
BRDA:19,2,0,0
BRDA:19,2,1,0
BRDA:31,3,0,0
BRDA:31,3,1,0
BRF:6
BRH:0
end_of_record
TN:
SF:/Users/leahpetersen/C5/projects/VideoStoreAPI/models/movies_model.js
FN:4,(anonymous_1)
FN:9,(anonymous_2)
FN:10,(anonymous_3)
FN:14,(anonymous_4)
FN:21,(anonymous_5)
FN:22,(anonymous_6)
FN:33,(anonymous_7)
FN:39,(anonymous_8)
FN:43,(anonymous_9)
FNF:9
FNH:0
FNDA:0,(anonymous_1)
FNDA:0,(anonymous_2)
FNDA:0,(anonymous_3)
FNDA:0,(anonymous_4)
FNDA:0,(anonymous_5)
FNDA:0,(anonymous_6)
FNDA:0,(anonymous_7)
FNDA:0,(anonymous_8)
FNDA:0,(anonymous_9)
DA:1,1
DA:2,1
DA:4,1
DA:5,0
DA:6,0
DA:9,1
DA:10,0
DA:11,0
DA:12,0
DA:14,0
DA:15,0
DA:21,1
DA:22,0
DA:24,0
DA:26,0
DA:28,0
DA:33,1
DA:35,0
DA:40,0
DA:41,0
DA:43,0
DA:44,0
DA:50,1
LF:23
LH:7
BRDA:11,1,0,0
BRDA:11,1,1,0
BRDA:11,2,0,0
BRDA:11,2,1,0
BRDA:12,3,0,0
BRDA:12,3,1,0
BRDA:24,4,0,0
BRDA:24,4,1,0
BRDA:24,5,0,0
BRDA:24,5,1,0
BRDA:26,6,0,0
BRDA:26,6,1,0
BRDA:40,7,0,0
BRDA:40,7,1,0
BRDA:40,8,0,0
BRDA:40,8,1,0
BRDA:41,9,0,0
BRDA:41,9,1,0
BRF:18
BRH:0
end_of_record
TN:
SF:/Users/leahpetersen/C5/projects/VideoStoreAPI/routes/rentals.js
FNF:0
FNH:0
DA:1,1
DA:2,1
DA:3,1
DA:5,1
DA:6,1
DA:7,1
DA:9,1
DA:12,1
DA:17,1
LF:9
LH:9
BRF:0
BRH:0
end_of_record
TN:
SF:/Users/leahpetersen/C5/projects/VideoStoreAPI/controllers/rentals.js
FN:5,(anonymous_1)
FN:6,(anonymous_2)
FN:11,(anonymous_3)
FN:26,(anonymous_4)
FN:27,(anonymous_5)
FN:37,(anonymous_6)
FN:38,(anonymous_7)
FN:48,(anonymous_8)
FN:49,(anonymous_9)
FN:60,(anonymous_10)
FN:61,(anonymous_11)
FNF:11
FNH:0
FNDA:0,(anonymous_1)
FNDA:0,(anonymous_2)
FNDA:0,(anonymous_3)
FNDA:0,(anonymous_4)
FNDA:0,(anonymous_5)
FNDA:0,(anonymous_6)
FNDA:0,(anonymous_7)
FNDA:0,(anonymous_8)
FNDA:0,(anonymous_9)
FNDA:0,(anonymous_10)
FNDA:0,(anonymous_11)
DA:1,1
DA:2,1
DA:4,1
DA:6,0
DA:7,0
DA:8,0
DA:9,0
DA:11,0
DA:12,0
DA:19,0
DA:27,0
DA:28,0
DA:29,0
DA:30,0
DA:32,0
DA:38,0
DA:39,0
DA:40,0
DA:41,0
DA:43,0
DA:49,0
DA:50,0
DA:51,0
DA:52,0
DA:54,0
DA:61,0
DA:62,0
DA:63,0
DA:64,0
DA:66,0
DA:72,1
LF:31
LH:4
BRDA:7,1,0,0
BRDA:7,1,1,0
BRDA:28,2,0,0
BRDA:28,2,1,0
BRDA:39,3,0,0
BRDA:39,3,1,0
BRDA:50,4,0,0
BRDA:50,4,1,0
BRDA:62,5,0,0
BRDA:62,5,1,0
BRF:10
BRH:0
end_of_record
